{"/Users/dylan/Documents/docs/personal/projects/redis-xml-importer/src/parser.ts": {"path":"/Users/dylan/Documents/docs/personal/projects/redis-xml-importer/src/parser.ts","statementMap":{"0":{"start":{"line":3,"column":0},"end":{"line":3,"column":33}},"1":{"start":{"line":5,"column":24},"end":{"line":7,"column":2}},"2":{"start":{"line":5,"column":46},"end":{"line":7,"column":2}},"3":{"start":{"line":6,"column":2},"end":{"line":6,"column":40}},"4":{"start":{"line":5,"column":13},"end":{"line":5,"column":24}}},"fnMap":{"0":{"name":"(anonymous_13)","decl":{"start":{"line":5,"column":24},"end":{"line":5,"column":31}},"loc":{"start":{"line":5,"column":46},"end":{"line":7,"column":2}}},"1":{"name":"(anonymous_14)","decl":{"start":{"line":5,"column":46},"end":{"line":5,"column":null}},"loc":{"start":{"line":5,"column":46},"end":{"line":7,"column":1}}}},"branchMap":{},"s":{"0":2,"1":2,"2":2,"3":2,"4":2},"f":{"0":2,"1":2},"b":{}}
,"/Users/dylan/Documents/docs/personal/projects/redis-xml-importer/src/redisOps.ts": {"path":"/Users/dylan/Documents/docs/personal/projects/redis-xml-importer/src/redisOps.ts","statementMap":{"0":{"start":{"line":2,"column":0},"end":{"line":2,"column":43}},"1":{"start":{"line":3,"column":0},"end":{"line":3,"column":31}},"2":{"start":{"line":10,"column":10},"end":{"line":10,"column":39}},"3":{"start":{"line":13,"column":4},"end":{"line":13,"column":33}},"4":{"start":{"line":16,"column":4},"end":{"line":19,"column":7}},"5":{"start":{"line":17,"column":6},"end":{"line":17,"column":40}},"6":{"start":{"line":18,"column":6},"end":{"line":18,"column":30}},"7":{"start":{"line":21,"column":4},"end":{"line":24,"column":7}},"8":{"start":{"line":22,"column":6},"end":{"line":22,"column":55}},"9":{"start":{"line":23,"column":6},"end":{"line":23,"column":31}},"10":{"start":{"line":26,"column":4},"end":{"line":26,"column":65}},"11":{"start":{"line":27,"column":4},"end":{"line":27,"column":65}},"12":{"start":{"line":28,"column":4},"end":{"line":28,"column":67}},"13":{"start":{"line":32,"column":4},"end":{"line":34,"column":null}},"14":{"start":{"line":33,"column":6},"end":{"line":33,"column":56}},"15":{"start":{"line":38,"column":4},"end":{"line":38,"column":27}},"16":{"start":{"line":39,"column":18},"end":{"line":39,"column":44}},"17":{"start":{"line":40,"column":4},"end":{"line":40,"column":45}},"18":{"start":{"line":44,"column":4},"end":{"line":44,"column":27}},"19":{"start":{"line":45,"column":16},"end":{"line":45,"column":40}},"20":{"start":{"line":46,"column":4},"end":{"line":46,"column":36}},"21":{"start":{"line":50,"column":4},"end":{"line":50,"column":27}},"22":{"start":{"line":51,"column":4},"end":{"line":51,"column":31}},"23":{"start":{"line":55,"column":4},"end":{"line":55,"column":23}},"24":{"start":{"line":56,"column":4},"end":{"line":56,"column":29}},"25":{"start":{"line":5,"column":0},"end":{"line":5,"column":13}}},"fnMap":{"0":{"name":"(anonymous_7)","decl":{"start":{"line":12,"column":2},"end":{"line":12,"column":null}},"loc":{"start":{"line":12,"column":2},"end":{"line":29,"column":3}}},"1":{"name":"(anonymous_8)","decl":{"start":{"line":16,"column":30},"end":{"line":16,"column":33}},"loc":{"start":{"line":16,"column":35},"end":{"line":19,"column":5}}},"2":{"name":"(anonymous_9)","decl":{"start":{"line":21,"column":28},"end":{"line":21,"column":29}},"loc":{"start":{"line":21,"column":36},"end":{"line":24,"column":5}}},"3":{"name":"(anonymous_10)","decl":{"start":{"line":31,"column":10},"end":{"line":31,"column":25}},"loc":{"start":{"line":31,"column":25},"end":{"line":35,"column":3}}},"4":{"name":"(anonymous_11)","decl":{"start":{"line":37,"column":8},"end":{"line":37,"column":21}},"loc":{"start":{"line":37,"column":42},"end":{"line":41,"column":null}}},"5":{"name":"(anonymous_13)","decl":{"start":{"line":43,"column":8},"end":{"line":43,"column":17}},"loc":{"start":{"line":43,"column":59},"end":{"line":47,"column":null}}},"6":{"name":"(anonymous_15)","decl":{"start":{"line":49,"column":8},"end":{"line":49,"column":18}},"loc":{"start":{"line":49,"column":18},"end":{"line":52,"column":null}}},"7":{"name":"(anonymous_17)","decl":{"start":{"line":54,"column":2},"end":{"line":54,"column":7}},"loc":{"start":{"line":54,"column":7},"end":{"line":57,"column":3}}}},"branchMap":{"0":{"loc":{"start":{"line":32,"column":4},"end":{"line":34,"column":null}},"type":"if","locations":[{"start":{"line":32,"column":4},"end":{"line":34,"column":null}}]}},"s":{"0":1,"1":1,"2":1,"3":1,"4":1,"5":0,"6":0,"7":1,"8":0,"9":0,"10":1,"11":1,"12":1,"13":0,"14":0,"15":0,"16":0,"17":0,"18":0,"19":0,"20":0,"21":0,"22":0,"23":0,"24":0,"25":1},"f":{"0":1,"1":0,"2":0,"3":0,"4":0,"5":0,"6":0,"7":0},"b":{"0":[0]}}
}
