TN:
SF:src/parser.ts
FN:5,(anonymous_13)
FN:5,(anonymous_14)
FNF:2
FNH:2
FNDA:2,(anonymous_13)
FNDA:2,(anonymous_14)
DA:3,2
DA:5,2
DA:6,2
LF:3
LH:3
BRF:0
BRH:0
end_of_record
TN:
SF:src/redisOps.ts
FN:12,(anonymous_7)
FN:16,(anonymous_8)
FN:21,(anonymous_9)
FN:31,(anonymous_10)
FN:37,(anonymous_11)
FN:43,(anonymous_13)
FN:49,(anonymous_15)
FN:54,(anonymous_17)
FNF:8
FNH:1
FNDA:1,(anonymous_7)
FNDA:0,(anonymous_8)
FNDA:0,(anonymous_9)
FNDA:0,(anonymous_10)
FNDA:0,(anonymous_11)
FNDA:0,(anonymous_13)
FNDA:0,(anonymous_15)
FNDA:0,(anonymous_17)
DA:2,1
DA:3,1
DA:5,1
DA:10,1
DA:13,1
DA:16,1
DA:17,0
DA:18,0
DA:21,1
DA:22,0
DA:23,0
DA:26,1
DA:27,1
DA:28,1
DA:32,0
DA:33,0
DA:38,0
DA:39,0
DA:40,0
DA:44,0
DA:45,0
DA:46,0
DA:50,0
DA:51,0
DA:55,0
DA:56,0
LF:26
LH:10
BRDA:32,0,0,0
BRF:1
BRH:0
end_of_record
